{"/Users/sheldon/code/ndim/src/matrix.ts": {"path":"/Users/sheldon/code/ndim/src/matrix.ts","statementMap":{"0":{"start":{"line":1,"column":0},"end":{"line":1,"column":37}},"1":{"start":{"line":29,"column":18},"end":{"line":29,"column":19}},"2":{"start":{"line":33,"column":4},"end":{"line":46,"column":5}},"3":{"start":{"line":34,"column":6},"end":{"line":36,"column":41}},"4":{"start":{"line":36,"column":19},"end":{"line":36,"column":39}},"5":{"start":{"line":38,"column":6},"end":{"line":45,"column":7}},"6":{"start":{"line":40,"column":8},"end":{"line":40,"column":51}},"7":{"start":{"line":40,"column":38},"end":{"line":40,"column":49}},"8":{"start":{"line":41,"column":13},"end":{"line":45,"column":7}},"9":{"start":{"line":42,"column":8},"end":{"line":42,"column":21}},"10":{"start":{"line":44,"column":8},"end":{"line":44,"column":42}},"11":{"start":{"line":50,"column":14},"end":{"line":50,"column":29}},"12":{"start":{"line":51,"column":14},"end":{"line":51,"column":32}},"13":{"start":{"line":52,"column":4},"end":{"line":52,"column":18}},"14":{"start":{"line":57,"column":23},"end":{"line":57,"column":57}},"15":{"start":{"line":57,"column":45},"end":{"line":57,"column":56}},"16":{"start":{"line":58,"column":4},"end":{"line":58,"column":29}},"17":{"start":{"line":62,"column":19},"end":{"line":62,"column":34}},"18":{"start":{"line":63,"column":4},"end":{"line":63,"column":18}},"19":{"start":{"line":67,"column":19},"end":{"line":67,"column":29}},"20":{"start":{"line":68,"column":4},"end":{"line":74,"column":5}},"21":{"start":{"line":69,"column":6},"end":{"line":73,"column":7}},"22":{"start":{"line":69,"column":19},"end":{"line":69,"column":20}},"23":{"start":{"line":70,"column":8},"end":{"line":72,"column":9}},"24":{"start":{"line":70,"column":21},"end":{"line":70,"column":22}},"25":{"start":{"line":71,"column":10},"end":{"line":71,"column":54}},"26":{"start":{"line":75,"column":4},"end":{"line":75,"column":16}},"27":{"start":{"line":81,"column":19},"end":{"line":81,"column":29}},"28":{"start":{"line":82,"column":4},"end":{"line":86,"column":5}},"29":{"start":{"line":82,"column":17},"end":{"line":82,"column":18}},"30":{"start":{"line":83,"column":6},"end":{"line":85,"column":7}},"31":{"start":{"line":83,"column":19},"end":{"line":83,"column":20}},"32":{"start":{"line":84,"column":8},"end":{"line":84,"column":29}},"33":{"start":{"line":87,"column":4},"end":{"line":87,"column":16}},"34":{"start":{"line":91,"column":19},"end":{"line":91,"column":29}},"35":{"start":{"line":92,"column":12},"end":{"line":94,"column":34}},"36":{"start":{"line":94,"column":17},"end":{"line":94,"column":33}},"37":{"start":{"line":95,"column":4},"end":{"line":99,"column":5}},"38":{"start":{"line":95,"column":17},"end":{"line":95,"column":18}},"39":{"start":{"line":96,"column":6},"end":{"line":98,"column":7}},"40":{"start":{"line":96,"column":19},"end":{"line":96,"column":20}},"41":{"start":{"line":97,"column":8},"end":{"line":97,"column":33}},"42":{"start":{"line":100,"column":4},"end":{"line":100,"column":17}},"43":{"start":{"line":101,"column":4},"end":{"line":101,"column":16}},"44":{"start":{"line":106,"column":4},"end":{"line":106,"column":26}},"45":{"start":{"line":110,"column":4},"end":{"line":110,"column":23}},"46":{"start":{"line":115,"column":4},"end":{"line":115,"column":35}},"47":{"start":{"line":120,"column":4},"end":{"line":120,"column":53}},"48":{"start":{"line":120,"column":44},"end":{"line":120,"column":50}},"49":{"start":{"line":124,"column":14},"end":{"line":124,"column":29}},"50":{"start":{"line":125,"column":14},"end":{"line":125,"column":32}},"51":{"start":{"line":126,"column":13},"end":{"line":126,"column":32}},"52":{"start":{"line":128,"column":14},"end":{"line":128,"column":26}},"53":{"start":{"line":130,"column":12},"end":{"line":132,"column":36}},"54":{"start":{"line":132,"column":17},"end":{"line":132,"column":35}},"55":{"start":{"line":133,"column":4},"end":{"line":139,"column":5}},"56":{"start":{"line":133,"column":17},"end":{"line":133,"column":18}},"57":{"start":{"line":134,"column":6},"end":{"line":138,"column":7}},"58":{"start":{"line":134,"column":19},"end":{"line":134,"column":20}},"59":{"start":{"line":135,"column":8},"end":{"line":137,"column":9}},"60":{"start":{"line":135,"column":21},"end":{"line":135,"column":22}},"61":{"start":{"line":136,"column":10},"end":{"line":136,"column":56}},"62":{"start":{"line":140,"column":4},"end":{"line":140,"column":17}},"63":{"start":{"line":141,"column":4},"end":{"line":141,"column":16}},"64":{"start":{"line":145,"column":12},"end":{"line":145,"column":20}},"65":{"start":{"line":146,"column":13},"end":{"line":146,"column":32}},"66":{"start":{"line":147,"column":19},"end":{"line":147,"column":29}},"67":{"start":{"line":148,"column":4},"end":{"line":152,"column":5}},"68":{"start":{"line":148,"column":17},"end":{"line":148,"column":18}},"69":{"start":{"line":149,"column":6},"end":{"line":151,"column":7}},"70":{"start":{"line":149,"column":19},"end":{"line":149,"column":20}},"71":{"start":{"line":150,"column":8},"end":{"line":150,"column":37}},"72":{"start":{"line":153,"column":4},"end":{"line":153,"column":16}},"73":{"start":{"line":158,"column":19},"end":{"line":158,"column":29}},"74":{"start":{"line":159,"column":12},"end":{"line":159,"column":20}},"75":{"start":{"line":160,"column":13},"end":{"line":160,"column":32}},"76":{"start":{"line":163,"column":4},"end":{"line":167,"column":5}},"77":{"start":{"line":163,"column":17},"end":{"line":163,"column":18}},"78":{"start":{"line":164,"column":6},"end":{"line":166,"column":7}},"79":{"start":{"line":164,"column":19},"end":{"line":164,"column":20}},"80":{"start":{"line":165,"column":8},"end":{"line":165,"column":37}},"81":{"start":{"line":168,"column":4},"end":{"line":168,"column":16}},"82":{"start":{"line":172,"column":19},"end":{"line":172,"column":29}},"83":{"start":{"line":173,"column":12},"end":{"line":173,"column":20}},"84":{"start":{"line":176,"column":4},"end":{"line":180,"column":5}},"85":{"start":{"line":176,"column":17},"end":{"line":176,"column":18}},"86":{"start":{"line":177,"column":6},"end":{"line":179,"column":7}},"87":{"start":{"line":177,"column":19},"end":{"line":177,"column":20}},"88":{"start":{"line":178,"column":8},"end":{"line":178,"column":21}},"89":{"start":{"line":181,"column":4},"end":{"line":181,"column":16}},"90":{"start":{"line":185,"column":19},"end":{"line":185,"column":29}},"91":{"start":{"line":186,"column":12},"end":{"line":186,"column":20}},"92":{"start":{"line":187,"column":4},"end":{"line":193,"column":5}},"93":{"start":{"line":187,"column":17},"end":{"line":187,"column":18}},"94":{"start":{"line":188,"column":6},"end":{"line":192,"column":7}},"95":{"start":{"line":188,"column":19},"end":{"line":188,"column":20}},"96":{"start":{"line":189,"column":18},"end":{"line":189,"column":25}},"97":{"start":{"line":190,"column":8},"end":{"line":190,"column":34}},"98":{"start":{"line":191,"column":8},"end":{"line":191,"column":30}},"99":{"start":{"line":194,"column":4},"end":{"line":194,"column":16}},"100":{"start":{"line":198,"column":16},"end":{"line":198,"column":26}},"101":{"start":{"line":199,"column":12},"end":{"line":199,"column":20}},"102":{"start":{"line":200,"column":4},"end":{"line":204,"column":5}},"103":{"start":{"line":200,"column":17},"end":{"line":200,"column":18}},"104":{"start":{"line":201,"column":16},"end":{"line":201,"column":20}},"105":{"start":{"line":202,"column":6},"end":{"line":202,"column":26}},"106":{"start":{"line":203,"column":6},"end":{"line":203,"column":25}},"107":{"start":{"line":205,"column":4},"end":{"line":205,"column":16}},"108":{"start":{"line":211,"column":4},"end":{"line":215,"column":5}},"109":{"start":{"line":212,"column":6},"end":{"line":212,"column":19}},"110":{"start":{"line":214,"column":6},"end":{"line":214,"column":15}},"111":{"start":{"line":22,"column":0},"end":{"line":22,"column":13}}},"fnMap":{"0":{"name":"(anonymous_0)","decl":{"start":{"line":28,"column":2},"end":{"line":28,"column":14}},"loc":{"start":{"line":28,"column":57},"end":{"line":47,"column":3}}},"1":{"name":"(anonymous_1)","decl":{"start":{"line":36,"column":13},"end":{"line":36,"column":16}},"loc":{"start":{"line":36,"column":19},"end":{"line":36,"column":39}}},"2":{"name":"(anonymous_2)","decl":{"start":{"line":40,"column":29},"end":{"line":40,"column":30}},"loc":{"start":{"line":40,"column":38},"end":{"line":40,"column":49}}},"3":{"name":"(anonymous_3)","decl":{"start":{"line":49,"column":2},"end":{"line":49,"column":5}},"loc":{"start":{"line":49,"column":5},"end":{"line":53,"column":3}}},"4":{"name":"(anonymous_4)","decl":{"start":{"line":55,"column":2},"end":{"line":55,"column":6}},"loc":{"start":{"line":55,"column":6},"end":{"line":59,"column":3}}},"5":{"name":"(anonymous_5)","decl":{"start":{"line":57,"column":36},"end":{"line":57,"column":37}},"loc":{"start":{"line":57,"column":45},"end":{"line":57,"column":56}}},"6":{"name":"(anonymous_6)","decl":{"start":{"line":61,"column":2},"end":{"line":61,"column":10}},"loc":{"start":{"line":61,"column":10},"end":{"line":64,"column":3}}},"7":{"name":"(anonymous_7)","decl":{"start":{"line":66,"column":2},"end":{"line":66,"column":7}},"loc":{"start":{"line":66,"column":17},"end":{"line":76,"column":3}}},"8":{"name":"(anonymous_8)","decl":{"start":{"line":78,"column":2},"end":{"line":78,"column":6}},"loc":{"start":{"line":78,"column":15},"end":{"line":88,"column":3}}},"9":{"name":"(anonymous_9)","decl":{"start":{"line":90,"column":2},"end":{"line":90,"column":11}},"loc":{"start":{"line":90,"column":11},"end":{"line":102,"column":3}}},"10":{"name":"(anonymous_10)","decl":{"start":{"line":94,"column":11},"end":{"line":94,"column":14}},"loc":{"start":{"line":94,"column":17},"end":{"line":94,"column":33}}},"11":{"name":"(anonymous_11)","decl":{"start":{"line":104,"column":2},"end":{"line":104,"column":5}},"loc":{"start":{"line":104,"column":26},"end":{"line":107,"column":3}}},"12":{"name":"(anonymous_12)","decl":{"start":{"line":109,"column":2},"end":{"line":109,"column":5}},"loc":{"start":{"line":109,"column":43},"end":{"line":111,"column":3}}},"13":{"name":"(anonymous_13)","decl":{"start":{"line":113,"column":2},"end":{"line":113,"column":8}},"loc":{"start":{"line":113,"column":18},"end":{"line":116,"column":3}}},"14":{"name":"(anonymous_14)","decl":{"start":{"line":118,"column":2},"end":{"line":118,"column":11}},"loc":{"start":{"line":118,"column":21},"end":{"line":121,"column":3}}},"15":{"name":"(anonymous_15)","decl":{"start":{"line":120,"column":35},"end":{"line":120,"column":36}},"loc":{"start":{"line":120,"column":44},"end":{"line":120,"column":50}}},"16":{"name":"(anonymous_16)","decl":{"start":{"line":123,"column":2},"end":{"line":123,"column":10}},"loc":{"start":{"line":123,"column":20},"end":{"line":142,"column":3}}},"17":{"name":"(anonymous_17)","decl":{"start":{"line":132,"column":11},"end":{"line":132,"column":14}},"loc":{"start":{"line":132,"column":17},"end":{"line":132,"column":35}}},"18":{"name":"(anonymous_18)","decl":{"start":{"line":144,"column":2},"end":{"line":144,"column":5}},"loc":{"start":{"line":144,"column":15},"end":{"line":154,"column":3}}},"19":{"name":"(anonymous_19)","decl":{"start":{"line":157,"column":2},"end":{"line":157,"column":10}},"loc":{"start":{"line":157,"column":20},"end":{"line":169,"column":3}}},"20":{"name":"(anonymous_20)","decl":{"start":{"line":171,"column":2},"end":{"line":171,"column":8}},"loc":{"start":{"line":171,"column":18},"end":{"line":182,"column":3}}},"21":{"name":"(anonymous_21)","decl":{"start":{"line":184,"column":2},"end":{"line":184,"column":15}},"loc":{"start":{"line":184,"column":15},"end":{"line":195,"column":3}}},"22":{"name":"(anonymous_22)","decl":{"start":{"line":197,"column":2},"end":{"line":197,"column":12}},"loc":{"start":{"line":197,"column":12},"end":{"line":206,"column":3}}},"23":{"name":"(anonymous_23)","decl":{"start":{"line":210,"column":2},"end":{"line":210,"column":13}},"loc":{"start":{"line":210,"column":20},"end":{"line":216,"column":3}}}},"branchMap":{"0":{"loc":{"start":{"line":33,"column":4},"end":{"line":46,"column":5}},"type":"if","locations":[{"start":{"line":33,"column":4},"end":{"line":46,"column":5}},{"start":{"line":37,"column":11},"end":{"line":46,"column":5}}]},"1":{"loc":{"start":{"line":38,"column":6},"end":{"line":45,"column":7}},"type":"if","locations":[{"start":{"line":38,"column":6},"end":{"line":45,"column":7}},{"start":{"line":41,"column":13},"end":{"line":45,"column":7}}]},"2":{"loc":{"start":{"line":41,"column":13},"end":{"line":45,"column":7}},"type":"if","locations":[{"start":{"line":41,"column":13},"end":{"line":45,"column":7}},{"start":{"line":43,"column":13},"end":{"line":45,"column":7}}]},"3":{"loc":{"start":{"line":41,"column":17},"end":{"line":41,"column":56}},"type":"binary-expr","locations":[{"start":{"line":41,"column":17},"end":{"line":41,"column":33}},{"start":{"line":41,"column":37},"end":{"line":41,"column":56}}]},"4":{"loc":{"start":{"line":68,"column":4},"end":{"line":74,"column":5}},"type":"if","locations":[{"start":{"line":68,"column":4},"end":{"line":74,"column":5}}]},"5":{"loc":{"start":{"line":211,"column":4},"end":{"line":215,"column":5}},"type":"if","locations":[{"start":{"line":211,"column":4},"end":{"line":215,"column":5}},{"start":{"line":213,"column":11},"end":{"line":215,"column":5}}]}},"s":{"0":0,"1":0,"2":0,"3":0,"4":0,"5":0,"6":0,"7":0,"8":0,"9":0,"10":0,"11":0,"12":0,"13":0,"14":0,"15":0,"16":0,"17":0,"18":0,"19":0,"20":0,"21":0,"22":0,"23":0,"24":0,"25":0,"26":0,"27":0,"28":0,"29":0,"30":0,"31":0,"32":0,"33":0,"34":0,"35":0,"36":0,"37":0,"38":0,"39":0,"40":0,"41":0,"42":0,"43":0,"44":0,"45":0,"46":0,"47":0,"48":0,"49":0,"50":0,"51":0,"52":0,"53":0,"54":0,"55":0,"56":0,"57":0,"58":0,"59":0,"60":0,"61":0,"62":0,"63":0,"64":0,"65":0,"66":0,"67":0,"68":0,"69":0,"70":0,"71":0,"72":0,"73":0,"74":0,"75":0,"76":0,"77":0,"78":0,"79":0,"80":0,"81":0,"82":0,"83":0,"84":0,"85":0,"86":0,"87":0,"88":0,"89":0,"90":0,"91":0,"92":0,"93":0,"94":0,"95":0,"96":0,"97":0,"98":0,"99":0,"100":0,"101":0,"102":0,"103":0,"104":0,"105":0,"106":0,"107":0,"108":0,"109":0,"110":0,"111":0},"f":{"0":0,"1":0,"2":0,"3":0,"4":0,"5":0,"6":0,"7":0,"8":0,"9":0,"10":0,"11":0,"12":0,"13":0,"14":0,"15":0,"16":0,"17":0,"18":0,"19":0,"20":0,"21":0,"22":0,"23":0},"b":{"0":[0,0],"1":[0,0],"2":[0,0],"3":[0,0],"4":[0],"5":[0,0]}}
,"/Users/sheldon/code/ndim/src/vector.ts": {"path":"/Users/sheldon/code/ndim/src/vector.ts","statementMap":{"0":{"start":{"line":6,"column":4},"end":{"line":10,"column":5}},"1":{"start":{"line":7,"column":6},"end":{"line":7,"column":19}},"2":{"start":{"line":9,"column":6},"end":{"line":9,"column":37}},"3":{"start":{"line":14,"column":4},"end":{"line":14,"column":40}},"4":{"start":{"line":18,"column":4},"end":{"line":18,"column":27}},"5":{"start":{"line":22,"column":4},"end":{"line":22,"column":46}},"6":{"start":{"line":22,"column":34},"end":{"line":22,"column":46}},"7":{"start":{"line":26,"column":4},"end":{"line":26,"column":23}},"8":{"start":{"line":31,"column":4},"end":{"line":31,"column":22}},"9":{"start":{"line":35,"column":4},"end":{"line":35,"column":30}},"10":{"start":{"line":36,"column":12},"end":{"line":36,"column":20}},"11":{"start":{"line":39,"column":13},"end":{"line":39,"column":18}},"12":{"start":{"line":40,"column":4},"end":{"line":40,"column":41}},"13":{"start":{"line":40,"column":25},"end":{"line":40,"column":38}},"14":{"start":{"line":41,"column":4},"end":{"line":41,"column":16}},"15":{"start":{"line":45,"column":4},"end":{"line":45,"column":30}},"16":{"start":{"line":46,"column":12},"end":{"line":46,"column":20}},"17":{"start":{"line":49,"column":13},"end":{"line":49,"column":18}},"18":{"start":{"line":50,"column":4},"end":{"line":50,"column":41}},"19":{"start":{"line":50,"column":25},"end":{"line":50,"column":38}},"20":{"start":{"line":51,"column":4},"end":{"line":51,"column":16}},"21":{"start":{"line":56,"column":4},"end":{"line":56,"column":30}},"22":{"start":{"line":57,"column":12},"end":{"line":57,"column":20}},"23":{"start":{"line":58,"column":13},"end":{"line":58,"column":18}},"24":{"start":{"line":59,"column":4},"end":{"line":59,"column":43}},"25":{"start":{"line":59,"column":21},"end":{"line":59,"column":40}},"26":{"start":{"line":60,"column":4},"end":{"line":60,"column":16}},"27":{"start":{"line":65,"column":4},"end":{"line":65,"column":30}},"28":{"start":{"line":66,"column":12},"end":{"line":66,"column":20}},"29":{"start":{"line":67,"column":13},"end":{"line":67,"column":18}},"30":{"start":{"line":68,"column":19},"end":{"line":71,"column":9}},"31":{"start":{"line":69,"column":6},"end":{"line":69,"column":25}},"32":{"start":{"line":70,"column":6},"end":{"line":70,"column":17}},"33":{"start":{"line":72,"column":4},"end":{"line":72,"column":18}},"34":{"start":{"line":77,"column":4},"end":{"line":77,"column":20}},"35":{"start":{"line":78,"column":4},"end":{"line":78,"column":26}},"36":{"start":{"line":79,"column":12},"end":{"line":79,"column":20}},"37":{"start":{"line":80,"column":13},"end":{"line":80,"column":18}},"38":{"start":{"line":81,"column":12},"end":{"line":81,"column":24}},"39":{"start":{"line":82,"column":4},"end":{"line":84,"column":43}},"40":{"start":{"line":85,"column":4},"end":{"line":85,"column":25}},"41":{"start":{"line":90,"column":4},"end":{"line":90,"column":54}},"42":{"start":{"line":90,"column":32},"end":{"line":90,"column":51}},"43":{"start":{"line":91,"column":4},"end":{"line":91,"column":16}},"44":{"start":{"line":96,"column":4},"end":{"line":96,"column":72}},"45":{"start":{"line":96,"column":51},"end":{"line":96,"column":66}},"46":{"start":{"line":101,"column":17},"end":{"line":101,"column":28}},"47":{"start":{"line":102,"column":4},"end":{"line":104,"column":5}},"48":{"start":{"line":103,"column":6},"end":{"line":103,"column":56}},"49":{"start":{"line":105,"column":4},"end":{"line":105,"column":57}},"50":{"start":{"line":105,"column":32},"end":{"line":105,"column":54}},"51":{"start":{"line":106,"column":4},"end":{"line":106,"column":16}},"52":{"start":{"line":1,"column":0},"end":{"line":1,"column":13}}},"fnMap":{"0":{"name":"(anonymous_0)","decl":{"start":{"line":4,"column":2},"end":{"line":4,"column":14}},"loc":{"start":{"line":4,"column":44},"end":{"line":11,"column":3}}},"1":{"name":"(anonymous_1)","decl":{"start":{"line":13,"column":2},"end":{"line":13,"column":6}},"loc":{"start":{"line":13,"column":6},"end":{"line":15,"column":3}}},"2":{"name":"(anonymous_2)","decl":{"start":{"line":17,"column":2},"end":{"line":17,"column":5}},"loc":{"start":{"line":17,"column":5},"end":{"line":19,"column":3}}},"3":{"name":"(anonymous_3)","decl":{"start":{"line":21,"column":2},"end":{"line":21,"column":19}},"loc":{"start":{"line":21,"column":29},"end":{"line":23,"column":3}}},"4":{"name":"(anonymous_4)","decl":{"start":{"line":25,"column":2},"end":{"line":25,"column":5}},"loc":{"start":{"line":25,"column":15},"end":{"line":27,"column":3}}},"5":{"name":"(anonymous_5)","decl":{"start":{"line":30,"column":2},"end":{"line":30,"column":5}},"loc":{"start":{"line":30,"column":25},"end":{"line":32,"column":3}}},"6":{"name":"(anonymous_6)","decl":{"start":{"line":34,"column":2},"end":{"line":34,"column":5}},"loc":{"start":{"line":34,"column":15},"end":{"line":42,"column":3}}},"7":{"name":"(anonymous_7)","decl":{"start":{"line":40,"column":14},"end":{"line":40,"column":15}},"loc":{"start":{"line":40,"column":25},"end":{"line":40,"column":38}}},"8":{"name":"(anonymous_8)","decl":{"start":{"line":44,"column":2},"end":{"line":44,"column":10}},"loc":{"start":{"line":44,"column":20},"end":{"line":52,"column":3}}},"9":{"name":"(anonymous_9)","decl":{"start":{"line":50,"column":14},"end":{"line":50,"column":15}},"loc":{"start":{"line":50,"column":25},"end":{"line":50,"column":38}}},"10":{"name":"(anonymous_10)","decl":{"start":{"line":54,"column":2},"end":{"line":54,"column":10}},"loc":{"start":{"line":54,"column":20},"end":{"line":61,"column":3}}},"11":{"name":"(anonymous_11)","decl":{"start":{"line":59,"column":10},"end":{"line":59,"column":11}},"loc":{"start":{"line":59,"column":21},"end":{"line":59,"column":40}}},"12":{"name":"(anonymous_12)","decl":{"start":{"line":63,"column":2},"end":{"line":63,"column":5}},"loc":{"start":{"line":63,"column":15},"end":{"line":73,"column":3}}},"13":{"name":"(anonymous_13)","decl":{"start":{"line":68,"column":28},"end":{"line":68,"column":29}},"loc":{"start":{"line":68,"column":44},"end":{"line":71,"column":5}}},"14":{"name":"(anonymous_14)","decl":{"start":{"line":75,"column":2},"end":{"line":75,"column":7}},"loc":{"start":{"line":75,"column":17},"end":{"line":86,"column":3}}},"15":{"name":"(anonymous_15)","decl":{"start":{"line":88,"column":2},"end":{"line":88,"column":10}},"loc":{"start":{"line":88,"column":20},"end":{"line":92,"column":3}}},"16":{"name":"(anonymous_16)","decl":{"start":{"line":90,"column":21},"end":{"line":90,"column":22}},"loc":{"start":{"line":90,"column":32},"end":{"line":90,"column":51}}},"17":{"name":"(anonymous_17)","decl":{"start":{"line":94,"column":2},"end":{"line":94,"column":6}},"loc":{"start":{"line":94,"column":6},"end":{"line":97,"column":3}}},"18":{"name":"(anonymous_18)","decl":{"start":{"line":96,"column":37},"end":{"line":96,"column":38}},"loc":{"start":{"line":96,"column":51},"end":{"line":96,"column":66}}},"19":{"name":"(anonymous_19)","decl":{"start":{"line":99,"column":2},"end":{"line":99,"column":6}},"loc":{"start":{"line":99,"column":6},"end":{"line":107,"column":3}}},"20":{"name":"(anonymous_20)","decl":{"start":{"line":105,"column":21},"end":{"line":105,"column":22}},"loc":{"start":{"line":105,"column":32},"end":{"line":105,"column":54}}}},"branchMap":{"0":{"loc":{"start":{"line":4,"column":36},"end":{"line":4,"column":44}},"type":"default-arg","locations":[{"start":{"line":4,"column":43},"end":{"line":4,"column":44}}]},"1":{"loc":{"start":{"line":6,"column":4},"end":{"line":10,"column":5}},"type":"if","locations":[{"start":{"line":6,"column":4},"end":{"line":10,"column":5}},{"start":{"line":8,"column":11},"end":{"line":10,"column":5}}]},"2":{"loc":{"start":{"line":22,"column":4},"end":{"line":22,"column":46}},"type":"if","locations":[{"start":{"line":22,"column":4},"end":{"line":22,"column":46}}]},"3":{"loc":{"start":{"line":102,"column":4},"end":{"line":104,"column":5}},"type":"if","locations":[{"start":{"line":102,"column":4},"end":{"line":104,"column":5}}]}},"s":{"0":0,"1":0,"2":0,"3":0,"4":0,"5":0,"6":0,"7":0,"8":0,"9":0,"10":0,"11":0,"12":0,"13":0,"14":0,"15":0,"16":0,"17":0,"18":0,"19":0,"20":0,"21":0,"22":0,"23":0,"24":0,"25":0,"26":0,"27":0,"28":0,"29":0,"30":0,"31":0,"32":0,"33":0,"34":0,"35":0,"36":0,"37":0,"38":0,"39":0,"40":0,"41":0,"42":0,"43":0,"44":0,"45":0,"46":0,"47":0,"48":0,"49":0,"50":0,"51":0,"52":0},"f":{"0":0,"1":0,"2":0,"3":0,"4":0,"5":0,"6":0,"7":0,"8":0,"9":0,"10":0,"11":0,"12":0,"13":0,"14":0,"15":0,"16":0,"17":0,"18":0,"19":0,"20":0},"b":{"0":[0],"1":[0,0],"2":[0],"3":[0]}}
}
